include/alloca.h
include/assert.h
include/byteswap.h
include/ctype.h
include/dlfcn.h
include/dirent.h
include/endian.h
include/errno.h
include/fcntl.h
include/features.h
include/fnmatch.h
include/getopt.h
include/grp.h
include/inttypes.h
include/langinfo.h
include/libgen.h
include/libintl.h
include/limits.h
include/locale.h
include/math.h
include/malloc.h
include/memory.h
include/netdb.h
include/nl_types.h
include/paths.h
include/printf.h
include/pwd.h
include/resolv.h
include/setjmp.h
include/shadow.h
include/signal.h
include/stdint.h
include/stdio.h
include/stdio_ext.h
include/stdlib.h
include/string.h
include/strings.h
include/syslog.h
include/termios.h
include/time.h
include/unistd.h
include/ucontext.h
include/arpa/inet.h
include/arpa/nameser.h
include/arpa/nameser_compat.h
include/net/ethernet.h
include/net/if.h
include/net/if_arp.h
include/net/route.h
include/netinet/ether.h
include/netinet/if_ether.h
include/netinet/in.h
include/rpc/netdb.h
include/sys/bitypes.h
include/sys/cdefs.h
include/sys/dir.h
include/sys/file.h
include/sys/ioctl.h
include/sys/ipc.h
include/sys/mman.h
include/sys/mount.h
include/sys/param.h
include/sys/resource.h
include/sys/select.h
include/sys/socket.h
include/sys/shm.h
include/sys/stat.h
include/sys/syslog.h
include/sys/sysmacros.h
include/sys/time.h
include/sys/times.h
include/sys/ttydefaults.h
include/sys/types.h
include/sys/utsname.h
include/sys/uio.h
include/sys/un.h
include/sys/wait.h
libc/inet/addr.c				inet_aton__FN
libc/inet/addr.c				inet_addr__FN
libc/inet/addr.c				inet_ntoa__FN
libc/inet/addr.c				inet_makeaddr__FN
libc/inet/addr.c				inet_lnaof__FN
libc/inet/addr.c				inet_netof__FN
libc/inet/getnetent.c
libc/inet/getnetbynm.c
libc/inet/getnetbyad.c
libc/inet/getproto.c
libc/inet/getservice.c
libc/inet/gai_strerror.c
libc/inet/getaddrinfo.c
libc/inet/herror.c
libc/inet/inet_net.c
libc/inet/if_nametoindex.c
libc/inet/in6_addr.c
libc/inet/ether_addr.c
libc/inet/ntohl.c
libc/inet/ntop.c
libc/inet/resolv.c				encodea__FN
libc/inet/resolv.c				decodea__FN
libc/inet/resolv.c				encoded__FN
libc/inet/resolv.c				decoded__FN
libc/inet/resolv.c				lengthd__FN
libc/inet/resolv.c				encodeh__FN
libc/inet/resolv.c				decodeh__FN
libc/inet/resolv.c				encodep__FN
libc/inet/resolv.c				decodep__FN
libc/inet/resolv.c				encodeq__FN
libc/inet/resolv.c				decodeq__FN
libc/inet/resolv.c				lengthq__FN
libc/inet/resolv.c				formquery__FN
libc/inet/resolv.c				dnslookup__FN
libc/inet/resolv.c				resolveaddress__FN
libc/inet/resolv.c				opennameservers__FN
libc/inet/resolv.c				closenameservers__FN
libc/inet/resolv.c				resolvename__FN
libc/inet/resolv.c				gethostbyname__FN
libc/inet/resolv.c				res_init__FN
libc/inet/resolv.c				res_query__FN
libc/inet/resolv.c				gethostbyaddr__FN
libc/inet/resolv.c				read_etc_hosts_r__FN
libc/inet/resolv.c				get_hosts_byname_r__FN
libc/inet/resolv.c				get_hosts_byaddr_r__FN
libc/inet/resolv.c				gethostbyname2__FN
libc/inet/resolv.c				gethostent__FN
libc/inet/resolv.c				gethostbyname_r__FN
libc/inet/resolv.c				gethostbyname2_r__FN
libc/inet/resolv.c				gethostbyaddr_r__FN
libc/inet/resolv.c				res_comp__FN
libc/inet/resolv.c				ns_name__FN
libc/pwd_grp/pwd_grp.c				getpwuid__FN
libc/pwd_grp/pwd_grp.c				getpwuid_r__FN
libc/pwd_grp/pwd_grp.c				__parsepwent__FN
libc/pwd_grp/pwd_grp.c				__parsegrent__FN
libc/pwd_grp/pwd_grp.c				__pgsreader__FN
libc/unistd/getopt.c
libc/signal/sigaddset.c
libc/signal/sigandset.c
libc/signal/sigdelset.c
libc/signal/sigempty.c
libc/signal/sigfillset.c
libc/signal/sigempty.c
libc/signal/sigismem.c
libc/signal/sigsetops.c
libc/signal/sigsetops.h
libc/stdlib/atexit.c				atexit__FN
libc/stdlib/atexit.c				onexit__FN
libc/stdlib/atexit.c				__exit_handler__FN
libc/stdlib/atexit.c				exit__FN
libc/stdlib/getenv.c
libc/stdlib/malloc/calloc.c
libc/stdlib/malloc/free.c
libc/stdlib/malloc/heap.h
libc/stdlib/malloc/heap_alloc.c
libc/stdlib/malloc/heap_alloc_at.c
libc/stdlib/malloc/heap_free.c
libc/stdlib/malloc/malloc.c
libc/stdlib/malloc/memalign.c
libc/stdlib/malloc/realloc.c
libc/stdlib/posix_memalign.c
libc/stdlib/rand.c
libc/stdlib/random.c
libc/stdlib/random_r.c
libc/stdlib/stdlib.c				abs__FN
libc/stdlib/stdlib.c				labs__FN
libc/stdlib/stdlib.c				atoi__FN
libc/stdlib/stdlib.c				atol__FN
libc/stdlib/stdlib.c				strtol__FN
libc/stdlib/stdlib.c				strtoul__FN
libc/stdlib/stdlib.c				_stdlib_strto_l__FN
libc/stdlib/stdlib.c				qsort__FN
libc/stdlib/stdlib.c				bsearch__FN
libc/stdlib/stdlib.c				llabs__FN
libc/stdlib/stdlib.c				atoll__FN
libc/stdlib/stdlib.c				strtoll__FN
libc/stdlib/stdlib.c				strtoull__FN
libc/stdlib/stdlib.c				_stdlib_strto_ll__FN
libc/stdlib/stdlib.c				atof__FN
libc/stdlib/strtod.c				strtod__FN
libc/stdlib/strtod.c				strtof__FN
libc/stdlib/strtod.c				strtold__FN
libc/stdlib/strtod.c				__strtofpmax__FN
libc/stdlib/strtod.c				__fp_range_check__FN
libc/stdio/_adjust_pos.c
libc/stdio/_cs_funcs.c
libc/stdio/_fopen.c
libc/stdio/_fpmaxtostr.c
libc/stdio/_fwrite.c
libc/stdio/_READ.c
libc/stdio/_WRITE.c
libc/stdio/_load_inttype.c
libc/stdio/_rfill.c
libc/stdio/_stdio.h
libc/stdio/_stdio.c
libc/stdio/_store_inttype.c
libc/stdio/_trans2r.c
libc/stdio/_trans2w.c
libc/stdio/_uintmaxtostr.c
libc/stdio/_wcommit.c
libc/stdio/asprintf.c
libc/stdio/clearerr.c
libc/stdio/clearerr.c				clearerr__DO_UNLOCKED
libc/stdio/dprintf.c
libc/stdio/fclose.c
libc/stdio/fcloseall.c
libc/stdio/fdopen.c
libc/stdio/feof.c
libc/stdio/feof.c				feof__DO_UNLOCKED
libc/stdio/ferror.c
libc/stdio/ferror.c				ferror__DO_UNLOCKED
libc/stdio/fflush.c
libc/stdio/fflush.c				fflush__DO_UNLOCKED
libc/stdio/fgetc.c
libc/stdio/fgetc.c				fgetc__DO_UNLOCKED
libc/stdio/fgetpos.c
libc/stdio/fgetpos.c				fgetpos64__DO_LARGEFILE
libc/stdio/fgets.c
libc/stdio/fgets.c				fgets__DO_UNLOCKED
libc/stdio/fileno.c
libc/stdio/fileno.c				fileno__DO_UNLOCKED
libc/stdio/fopen.c
libc/stdio/freopen.c
libc/stdio/freopen.c				freopen64__DO_LARGEFILE
libc/stdio/fputs.c
libc/stdio/fputs.c				fputs__DO_UNLOCKED
libc/stdio/fputc.c
libc/stdio/fputc.c				fputc__DO_UNLOCKED
libc/stdio/fprintf.c
libc/stdio/fread.c
libc/stdio/fread.c				fread__DO_UNLOCKED
libc/stdio/fseeko.c
libc/stdio/fseeko.c				fseeko64__DO_LARGEFILE
libc/stdio/fsetpos.c
libc/stdio/fsetpos.c				fsetpos64__DO_LARGEFILE
libc/stdio/ftello.c
libc/stdio/ftello.c				ftello64__DO_LARGEFILE
libc/stdio/fwrite.c
libc/stdio/fwrite.c				fwrite__DO_UNLOCKED
libc/stdio/perror.c
libc/stdio/printf.c
libc/stdio/putchar.c
libc/stdio/putchar.c				putchar__DO_UNLOCKED
libc/stdio/puts.c
libc/stdio/remove.c
libc/stdio/rewind.c
libc/stdio/scanf.c				vfscanf__FN
libc/stdio/scanf.c				__scan_cookie__FN
libc/stdio/scanf.c				__psfs_parse_spec__FN
libc/stdio/scanf.c				__psfs_do_numeric__FN
libc/stdio/scanf.c				scanf__FN
libc/stdio/scanf.c				sscanf__FN
libc/stdio/scanf.c				fscanf__FN
libc/stdio/scanf.c				vscanf__FN
libc/stdio/scanf.c				vsscanf__FN
libc/stdio/setvbuf.c
libc/stdio/snprintf.c
libc/stdio/sprintf.c
libc/stdio/ungetc.c
libc/stdio/vasprintf.c
libc/stdio/vdprintf.c
libc/stdio/vfprintf.c				vfprintf__FN
libc/stdio/vfprintf.c				_ppfs_init__FN
libc/stdio/vfprintf.c				_ppfs_prepargs__FN
libc/stdio/vfprintf.c				_ppfs_setargs__FN
libc/stdio/vfprintf.c				_ppfs_parsespec__FN
libc/stdio/vfprintf.c				_register_printf_function__FN
libc/stdio/vfprintf.c				_parse_printf_format__FN
libc/stdio/vsnprintf.c
libc/stdio/vsprintf.c
libc/stdio/vprintf.c
libc/string/wstring.c				basename__FN
libc/string/wstring.c				dirname__FN
libc/string/wstring.c				ffs__FN
libc/string/wstring.c				memccpy__FN
libc/string/wstring.c				stpcpy__FN
libc/string/wstring.c				stpncpy__FN
libc/string/wstring.c				strcasecmp__FN
libc/string/wstring.c				strcasestr__FN
libc/string/wstring.c				strdup__FN
libc/string/wstring.c				strerror__FN
libc/string/wstring.c				__xpg_strerror_r__FN
libc/string/wstring.c				_string_syserrmsgs__FN
libc/string/wstring.c				__glibc_strerror_r__FN
libc/string/wstring.c				_string_syssigmsgs__FN
libc/string/wstring.c				sys_siglist__FN
libc/string/wstring.c				strsignal__FN
libc/string/wstring.c				psignal__FN
libc/string/wstring.c				__xpg_basename__FN
libc/string/wstring.c				strlcat__FN
libc/string/wstring.c				strlcpy__FN
libc/string/wstring.c				sys_errlist__FN
libc/string/wstring.c				strpbrk__FN
libc/string/wstring.c				strndup__FN
libc/string/wstring.c                           strncasecmp__FN
libc/string/wstring.c				strtok__FN
libc/misc/assert/__assert.c
libc/misc/ctype/ctype.c				isalnum__FN
libc/misc/ctype/ctype.c				isalpha__FN
libc/misc/ctype/ctype.c				isascii__FN
libc/misc/ctype/ctype.c				iscntrl__FN
libc/misc/ctype/ctype.c				isdigit__FN
libc/misc/ctype/ctype.c				isgraph__FN
libc/misc/ctype/ctype.c				islower__FN
libc/misc/ctype/ctype.c				isprint__FN
libc/misc/ctype/ctype.c				ispunct__FN
libc/misc/ctype/ctype.c				isspace__FN
libc/misc/ctype/ctype.c				isupper__FN
libc/misc/ctype/ctype.c				isxdigit__FN
libc/misc/ctype/ctype.c				toascii__FN
libc/misc/ctype/ctype.c				tolower__FN
libc/misc/ctype/ctype.c				toupper__FN
libc/misc/ctype/ctype.c				isblank__FN
libc/misc/ctype/ctype.c				isxlower__FN
libc/misc/ctype/ctype.c				isxupper__FN
libc/misc/ctype/ctype.c				__C_ctype_b__FN
libc/misc/ctype/ctype.c				__C_ctype_tolower__FN
libc/misc/ctype/ctype.c				__C_ctype_toupper__FN
libc/misc/ctype/ctype.c				__ctype_b_loc__FN
libc/misc/ctype/ctype.c				__ctype_tolower_loc__FN
libc/misc/ctype/ctype.c				__ctype_toupper_loc__FN
libc/misc/ctype/ctype.c				__ctype_assert__FN
libc/misc/ctype/ctype.c				isctype__FN
libc/misc/dirent/alphasort.c
libc/misc/dirent/alphasort64.c
libc/misc/dirent/alphasort64.c
libc/misc/dirent/closedir.c
libc/misc/dirent/dirfd.c
libc/misc/dirent/dirstream.h
libc/misc/dirent/opendir.c
libc/misc/dirent/readdir.c
libc/misc/dirent/readdir64.c
libc/misc/dirent/readdir_r.c
libc/misc/dirent/readdir64_r.c
libc/misc/dirent/rewinddir.c
libc/misc/dirent/scandir.c
libc/misc/dirent/seekdir.c
libc/misc/dirent/telldir.c
libc/misc/dirent/scandir64.c
libc/misc/locale/locale.c                       nl_langinfo__FN
libc/misc/locale/locale.c                       setlocale__FN
libc/misc/internals/errno.c
libc/misc/time/time.c                           asctime__FN
libc/misc/time/time.c                           asctime_r__FN
libc/misc/time/time.c                           ctime__FN
libc/misc/time/time.c                           ctime_r__FN
libc/misc/time/time.c                           gmtime__FN
libc/misc/time/time.c                           gmtime_r__FN
libc/misc/time/time.c                           localtime__FN
libc/misc/time/time.c                           localtime_r__FN
libc/misc/time/time.c                           mktime__FN
libc/misc/time/time.c                           strftime__FN
libc/misc/time/time.c                           strptime__FN
libc/misc/time/time.c                           tzset__FN
libc/misc/time/time.c                           _time_t2tm__FN
libc/misc/time/time.c                           __time_tm__FN
libc/misc/time/time.c                           _time_mktime__FN
libc/misc/time/time.c                           dysize__FN
libc/misc/time/time.c                           timegm__FN
libc/misc/time/time.c                           _time_mktime_tzi__FN
libc/misc/time/time.c                           _time_localtime_tzi__FN
libc/misc/time/time.c                           difftime__FN
libc/sysdeps/linux/common/longjmp.c
libc/sysdeps/linux/common/getcwd.c
libc/sysdeps/linux/common/bits/dlfcn.h
libc/sysdeps/linux/common/bits/ipc.h
libc/sysdeps/linux/common/bits/shm.h
libc/sysdeps/linux/common/bits/uClibc_stdio.h
libc/termios/kernel_termios.h
libc/termios/tcgetattr.c
libc/termios/tcsetattr.c
libm/fp_private.h
libm/math_private.h
libm/e_acos.c
libm/e_acosh.c
libm/e_asin.c
libm/e_atan2.c
libm/e_atanh.c
libm/e_cosh.c
libm/e_exp.c
libm/e_fmod.c
libm/e_gamma.c
libm/e_gamma_r.c
libm/e_hypot.c
libm/e_j0.c
libm/e_j1.c
libm/e_jn.c
libm/e_lgamma.c
libm/e_lgamma_r.c
libm/e_log.c
libm/e_log10.c
libm/e_pow.c
libm/e_remainder.c
libm/e_rem_pio2.c
libm/e_scalb.c
libm/e_sinh.c
libm/e_sqrt.c
libm/k_cos.c
libm/k_rem_pio2.c
libm/k_sin.c
libm/k_standard.c
libm/k_tan.c
libm/s_asinh.c
libm/s_atan.c
libm/s_cbrt.c
libm/s_ceil.c
libm/s_copysign.c
libm/s_cos.c
libm/s_erf.c
libm/s_expm1.c
libm/s_fabs.c
libm/s_finite.c
libm/s_floor.c
libm/s_frexp.c
libm/s_ilogb.c
libm/s_ldexp.c
libm/s_lib_version.c
libm/s_log1p.c
libm/s_logb.c
libm/s_matherr.c
libm/s_modf.c
libm/s_nextafter.c
libm/s_rint.c
libm/s_scalbn.c
libm/s_signgam.c
libm/s_significand.c
libm/s_sin.c
libm/s_tan.c
libm/s_tanh.c
libm/w_acos.c
libm/w_acosh.c
libm/w_asin.c
libm/w_atan2.c
libm/w_atanh.c
libm/w_cabs.c
libm/w_cosh.c
libm/w_drem.c
libm/w_exp.c
libm/w_fmod.c
libm/w_gamma.c
libm/w_gamma_r.c
libm/w_hypot.c
libm/w_j0.c
libm/w_j1.c
libm/w_jn.c
libm/w_lgamma.c
libm/w_lgamma_r.c
libm/w_log.c
libm/w_log10.c
libm/w_pow.c
libm/w_remainder.c
libm/w_scalb.c
libm/w_sinh.c
libm/w_sqrt.c
libm/fpmacros.c
libm/nan.c
libm/s_ceilf.c
libm/s_floorf.c
libm/float_wrappers.c				acos__FN
libm/float_wrappers.c				acosf__FN
libm/float_wrappers.c				acoshf__FN
libm/float_wrappers.c				asinf__FN
libm/float_wrappers.c				asinhf__FN
libm/float_wrappers.c				atan2f__FN
libm/float_wrappers.c				atanf__FN
libm/float_wrappers.c				atanhf__FN
libm/float_wrappers.c				cbrtf__FN
libm/float_wrappers.c				ceilf__FN
libm/float_wrappers.c				copysignf__FN
libm/float_wrappers.c				cosf__FN
libm/float_wrappers.c				coshf__FN
libm/float_wrappers.c				erfcf__FN
libm/float_wrappers.c				erff__FN
libm/float_wrappers.c				exp2f__FN
libm/float_wrappers.c				expf__FN
libm/float_wrappers.c				expm1f__FN
libm/float_wrappers.c				fabsf__FN
libm/float_wrappers.c				fdimf__FN
libm/float_wrappers.c				floorf__FN
libm/float_wrappers.c				fmaf__FN
libm/float_wrappers.c				fmaxf__FN
libm/float_wrappers.c				fminf__FN
libm/float_wrappers.c				fmodf__FN
libm/float_wrappers.c				frexpf__FN
libm/float_wrappers.c				hypotf__FN
libm/float_wrappers.c				ilogbf__FN
libm/float_wrappers.c				ldexpf__FN
libm/float_wrappers.c				lgammaf__FN
libm/float_wrappers.c				log10f__FN
libm/float_wrappers.c				log1pf__FN
libm/float_wrappers.c				log2f__FN
libm/float_wrappers.c				logbf__FN
libm/float_wrappers.c				logf__FN
libm/float_wrappers.c				lrintf__FN
libm/float_wrappers.c				lroundf__FN
libm/float_wrappers.c				modff__FN
libm/float_wrappers.c				nearbyintf__FN
libm/float_wrappers.c				nextafterf__FN
libm/float_wrappers.c				powf__FN
libm/float_wrappers.c				remainderf__FN
libm/float_wrappers.c				remquof__FN
libm/float_wrappers.c				rintf__FN
libm/float_wrappers.c				roundf__FN
libm/float_wrappers.c				scalblnf__FN
libm/float_wrappers.c				scalbnf__FN
libm/float_wrappers.c				sinf__FN
libm/float_wrappers.c				sinhf__FN
libm/float_wrappers.c				sqrtf__FN
libm/float_wrappers.c				tanf__FN
libm/float_wrappers.c				tanhf__FN
libm/float_wrappers.c				tgammaf__FN
libm/float_wrappers.c				truncf__FN
