This file contains any messages produced by compilers while
running configure, to aid debugging if configure makes a mistake.

It was created by XviD configure 0.9.1, which was
generated by GNU Autoconf 2.57.  Invocation command line was

  $ ./configure 

## --------- ##
## Platform. ##
## --------- ##

hostname = DebianHostName
uname -m = i686
uname -r = 2.4.20-1um
uname -s = Linux
uname -v = #1 Fre Mär 7 10:36:51 CET 2003

/usr/bin/uname -p = unknown
/bin/uname -X     = unknown

/bin/arch              = i686
/usr/bin/arch -k       = unknown
/usr/convex/getsysinfo = unknown
hostinfo               = unknown
/bin/machine           = unknown
/usr/bin/oslevel       = unknown
/bin/universe          = unknown

PATH: /usr/local/sbin
PATH: /usr/local/bin
PATH: /usr/sbin
PATH: /usr/bin
PATH: /sbin
PATH: /bin
PATH: /usr/bin/X11


## ----------- ##
## Core tests. ##
## ----------- ##

configure:1385: checking build system type
configure:1403: result: i686-pc-linux-gnu
configure:1411: checking host system type
configure:1425: result: i686-pc-linux-gnu
configure:1433: checking target system type
configure:1447: result: i686-pc-linux-gnu
configure:1463: checking whether to use default CFLAGS
configure:1467: result: yes
configure:1521: checking for gcc
configure:1537: found /usr/bin/gcc
configure:1547: result: gcc
configure:1791: checking for C compiler version
configure:1794: gcc --version </dev/null >&5
2.95.4
configure:1797: $? = 0
configure:1799: gcc -v </dev/null >&5
Reading specs from /usr/lib/gcc-lib/i386-linux/2.95.4/specs
gcc version 2.95.4 20011002 (Debian prerelease)
configure:1802: $? = 0
configure:1804: gcc -V </dev/null >&5
gcc: argument to `-V' is missing
configure:1807: $? = 1
configure:1831: checking for C compiler default output
configure:1834: gcc    conftest.c  >&5
configure:1837: $? = 0
configure:1883: result: a.out
configure:1888: checking whether the C compiler works
configure:1894: ./a.out
configure:1897: $? = 0
configure:1914: result: yes
configure:1921: checking whether we are cross compiling
configure:1923: result: no
configure:1926: checking for suffix of executables
configure:1928: gcc -o conftest    conftest.c  >&5
configure:1931: $? = 0
configure:1956: result: 
configure:1962: checking for suffix of object files
configure:1984: gcc -c   conftest.c >&5
configure:1987: $? = 0
configure:2009: result: o
configure:2013: checking whether we are using the GNU C compiler
configure:2038: gcc -c   conftest.c >&5
configure:2041: $? = 0
configure:2044: test -s conftest.o
configure:2047: $? = 0
configure:2060: result: yes
configure:2066: checking whether gcc accepts -g
configure:2088: gcc -c -g  conftest.c >&5
configure:2091: $? = 0
configure:2094: test -s conftest.o
configure:2097: $? = 0
configure:2108: result: yes
configure:2125: checking for gcc option to accept ANSI C
configure:2186: gcc  -c -g -O2  conftest.c >&5
configure:2189: $? = 0
configure:2192: test -s conftest.o
configure:2195: $? = 0
configure:2213: result: none needed
configure:2231: gcc -c -g -O2  conftest.c >&5
conftest.c:2: parse error before `me'
configure:2234: $? = 1
configure: failed program was:
| #ifndef __cplusplus
|   choke me
| #endif
configure:2357: checking for a BSD-compatible install
configure:2411: result: /usr/bin/install -c
configure:2465: checking for ranlib
configure:2481: found /usr/bin/ranlib
configure:2492: result: ranlib
configure:2509: checking for whether to use assembly code
configure:2512: result: yes
configure:2514: checking for architecture type
configure:2518: result: ia32
configure:2552: checking how to run the C preprocessor
configure:2588: gcc -E  conftest.c
configure:2594: $? = 0
configure:2626: gcc -E  conftest.c
configure:2625: ac_nonexistent.h: No such file or directory
configure:2632: $? = 1
configure: failed program was:
| #line 2617 "configure"
| /* confdefs.h.  */
| 
| #define PACKAGE_NAME "XviD"
| #define PACKAGE_TARNAME "xvid"
| #define PACKAGE_VERSION "0.9.1"
| #define PACKAGE_STRING "XviD 0.9.1"
| #define PACKAGE_BUGREPORT "xvid-devel@xvid.org"
| /* end confdefs.h.  */
| #include <ac_nonexistent.h>
configure:2670: result: gcc -E
configure:2695: gcc -E  conftest.c
configure:2701: $? = 0
configure:2733: gcc -E  conftest.c
configure:2732: ac_nonexistent.h: No such file or directory
configure:2739: $? = 1
configure: failed program was:
| #line 2724 "configure"
| /* confdefs.h.  */
| 
| #define PACKAGE_NAME "XviD"
| #define PACKAGE_TARNAME "xvid"
| #define PACKAGE_VERSION "0.9.1"
| #define PACKAGE_STRING "XviD 0.9.1"
| #define PACKAGE_BUGREPORT "xvid-devel@xvid.org"
| /* end confdefs.h.  */
| #include <ac_nonexistent.h>
configure:2782: checking for egrep
configure:2792: result: grep -E
configure:2797: checking for ANSI C header files
configure:2823: gcc -c -g -O2  conftest.c >&5
configure:2826: $? = 0
configure:2829: test -s conftest.o
configure:2832: $? = 0
configure:2921: gcc -o conftest -g -O2   conftest.c  >&5
configure:2924: $? = 0
configure:2926: ./conftest
configure:2929: $? = 0
configure:2944: result: yes
configure:2968: checking for sys/types.h
configure:2985: gcc -c -g -O2  conftest.c >&5
configure:2988: $? = 0
configure:2991: test -s conftest.o
configure:2994: $? = 0
configure:3005: result: yes
configure:2968: checking for sys/stat.h
configure:2985: gcc -c -g -O2  conftest.c >&5
configure:2988: $? = 0
configure:2991: test -s conftest.o
configure:2994: $? = 0
configure:3005: result: yes
configure:2968: checking for stdlib.h
configure:2985: gcc -c -g -O2  conftest.c >&5
configure:2988: $? = 0
configure:2991: test -s conftest.o
configure:2994: $? = 0
configure:3005: result: yes
configure:2968: checking for string.h
configure:2985: gcc -c -g -O2  conftest.c >&5
configure:2988: $? = 0
configure:2991: test -s conftest.o
configure:2994: $? = 0
configure:3005: result: yes
configure:2968: checking for memory.h
configure:2985: gcc -c -g -O2  conftest.c >&5
configure:2988: $? = 0
configure:2991: test -s conftest.o
configure:2994: $? = 0
configure:3005: result: yes
configure:2968: checking for strings.h
configure:2985: gcc -c -g -O2  conftest.c >&5
configure:2988: $? = 0
configure:2991: test -s conftest.o
configure:2994: $? = 0
configure:3005: result: yes
configure:2968: checking for inttypes.h
configure:2985: gcc -c -g -O2  conftest.c >&5
configure:2988: $? = 0
configure:2991: test -s conftest.o
configure:2994: $? = 0
configure:3005: result: yes
configure:2968: checking for stdint.h
configure:2985: gcc -c -g -O2  conftest.c >&5
configure:2988: $? = 0
configure:2991: test -s conftest.o
configure:2994: $? = 0
configure:3005: result: yes
configure:2968: checking for unistd.h
configure:2985: gcc -c -g -O2  conftest.c >&5
configure:2988: $? = 0
configure:2991: test -s conftest.o
configure:2994: $? = 0
configure:3005: result: yes
configure:3017: checking for int *
configure:3042: gcc -c -g -O2  conftest.c >&5
configure:3045: $? = 0
configure:3048: test -s conftest.o
configure:3051: $? = 0
configure:3062: result: yes
configure:3065: checking size of int *
configure:3340: gcc -o conftest -g -O2   conftest.c  >&5
configure:3343: $? = 0
configure:3345: ./conftest
configure:3348: $? = 0
configure:3371: result: 4
configure:3394: checking whether byte ordering is bigendian
configure:3422: gcc -c -g -O2  conftest.c >&5
configure:3425: $? = 0
configure:3428: test -s conftest.o
configure:3431: $? = 0
configure:3456: gcc -c -g -O2  conftest.c >&5
configure: In function `main':
configure:3460: `not' undeclared (first use in this function)
configure:3460: (Each undeclared identifier is reported only once
configure:3460: for each function it appears in.)
configure:3460: parse error before `big'
configure:3459: $? = 1
configure: failed program was:
| #line 3434 "configure"
| /* confdefs.h.  */
| 
| #define PACKAGE_NAME "XviD"
| #define PACKAGE_TARNAME "xvid"
| #define PACKAGE_VERSION "0.9.1"
| #define PACKAGE_STRING "XviD 0.9.1"
| #define PACKAGE_BUGREPORT "xvid-devel@xvid.org"
| #define STDC_HEADERS 1
| #define HAVE_SYS_TYPES_H 1
| #define HAVE_SYS_STAT_H 1
| #define HAVE_STDLIB_H 1
| #define HAVE_STRING_H 1
| #define HAVE_MEMORY_H 1
| #define HAVE_STRINGS_H 1
| #define HAVE_INTTYPES_H 1
| #define HAVE_STDINT_H 1
| #define HAVE_UNISTD_H 1
| #define SIZEOF_INT_P 4
| /* end confdefs.h.  */
| #include <sys/types.h>
| #include <sys/param.h>
| 
| int
| main ()
| {
| #if BYTE_ORDER != BIG_ENDIAN
|  not big endian
| #endif
| 
|   ;
|   return 0;
| }
configure:3579: result: no
configure:3596: checking for build extensions
configure:3603: result: .so .a .o
configure:3632: checking for platform specific LDFLAGS/CFLAGS
configure:3638: result: -shared -lc -lm
configure:3681: checking for nasm
configure:3702: found /usr/bin/nasm
configure:3725: result: yes
configure:3734: checking for nasm patch version
configure:3737: result: 34
configure:3746: checking for nasm object format
configure:3750: result: elf
configure:3841: checking stdio.h usability
configure:3854: gcc -c -g -O2  conftest.c >&5
configure:3857: $? = 0
configure:3860: test -s conftest.o
configure:3863: $? = 0
configure:3873: result: yes
configure:3877: checking stdio.h presence
configure:3888: gcc -E  conftest.c
configure:3894: $? = 0
configure:3913: result: yes
configure:3949: checking for stdio.h
configure:3956: result: yes
configure:3841: checking signal.h usability
configure:3854: gcc -c -g -O2  conftest.c >&5
configure:3857: $? = 0
configure:3860: test -s conftest.o
configure:3863: $? = 0
configure:3873: result: yes
configure:3877: checking signal.h presence
configure:3888: gcc -E  conftest.c
configure:3894: $? = 0
configure:3913: result: yes
configure:3949: checking for signal.h
configure:3956: result: yes
configure:4135: creating ./config.status

## ---------------------- ##
## Running config.status. ##
## ---------------------- ##

This file was extended by XviD config.status 0.9.1, which was
generated by GNU Autoconf 2.57.  Invocation command line was

  CONFIG_FILES    = 
  CONFIG_HEADERS  = 
  CONFIG_LINKS    = 
  CONFIG_COMMANDS = 
  $ ./config.status 

on DebianHostName

config.status:642: creating platform.inc
config.status:642: creating libxvidcore.def

## ---------------- ##
## Cache variables. ##
## ---------------- ##

ac_cv_build=i686-pc-linux-gnu
ac_cv_build_alias=i686-pc-linux-gnu
ac_cv_c_bigendian=no
ac_cv_c_compiler_gnu=yes
ac_cv_env_CC_set=
ac_cv_env_CC_value=
ac_cv_env_CFLAGS_set=
ac_cv_env_CFLAGS_value=
ac_cv_env_CPPFLAGS_set=
ac_cv_env_CPPFLAGS_value=
ac_cv_env_CPP_set=
ac_cv_env_CPP_value=
ac_cv_env_LDFLAGS_set=
ac_cv_env_LDFLAGS_value=
ac_cv_env_build_alias_set=
ac_cv_env_build_alias_value=
ac_cv_env_host_alias_set=
ac_cv_env_host_alias_value=
ac_cv_env_target_alias_set=
ac_cv_env_target_alias_value=
ac_cv_exeext=
ac_cv_header_inttypes_h=yes
ac_cv_header_memory_h=yes
ac_cv_header_signal_h=yes
ac_cv_header_stdc=yes
ac_cv_header_stdint_h=yes
ac_cv_header_stdio_h=yes
ac_cv_header_stdlib_h=yes
ac_cv_header_string_h=yes
ac_cv_header_strings_h=yes
ac_cv_header_sys_stat_h=yes
ac_cv_header_sys_types_h=yes
ac_cv_header_unistd_h=yes
ac_cv_host=i686-pc-linux-gnu
ac_cv_host_alias=i686-pc-linux-gnu
ac_cv_objext=o
ac_cv_path_install='/usr/bin/install -c'
ac_cv_prog_CPP='gcc -E'
ac_cv_prog_ac_ct_CC=gcc
ac_cv_prog_ac_ct_RANLIB=ranlib
ac_cv_prog_ac_nasm=yes
ac_cv_prog_cc_g=yes
ac_cv_prog_cc_stdc=
ac_cv_prog_egrep='grep -E'
ac_cv_sizeof_int_p=4
ac_cv_target=i686-pc-linux-gnu
ac_cv_target_alias=i686-pc-linux-gnu
ac_cv_type_int_p=yes

## ----------------- ##
## Output variables. ##
## ----------------- ##

AFLAGS='-I$(<D) -f elf '
ARCHITECTURE='IA32'
AS='nasm'
ASSEMBLY_EXTENSION='asm'
ASSEMBLY_SOURCES='SRC_IA32'
BUS='32BIT'
CC='gcc'
CFLAGS='-Wall -O2 -fomit-frame-pointer -ffast-math -funroll-loops -fschedule-insns -fschedule-insns2'
CPP='gcc -E'
CPPFLAGS=''
DCT_IA64_SOURCES=''
DEFS='-DPACKAGE_NAME=\"XviD\" -DPACKAGE_TARNAME=\"xvid\" -DPACKAGE_VERSION=\"0.9.1\" -DPACKAGE_STRING=\"XviD\ 0.9.1\" -DPACKAGE_BUGREPORT=\"xvid-devel@xvid.org\" -DSTDC_HEADERS=1 -DHAVE_SYS_TYPES_H=1 -DHAVE_SYS_STAT_H=1 -DHAVE_STDLIB_H=1 -DHAVE_STRING_H=1 -DHAVE_MEMORY_H=1 -DHAVE_STRINGS_H=1 -DHAVE_INTTYPES_H=1 -DHAVE_STDINT_H=1 -DHAVE_UNISTD_H=1 -DSIZEOF_INT_P=4 -DHAVE_STDIO_H=1 -DHAVE_SIGNAL_H=1 '
DIVX4COMPAT_SOURCES=''
DIVX4_DECORE=''
DIVX4_ENCORE=''
ECHO_C=''
ECHO_N='-n'
ECHO_T=''
EGREP='grep -E'
ENDIANNESS='LITTLE_ENDIAN'
EXEEXT=''
FEATURES=''
GENERIC_SOURCES='SRC_GENERIC'
INSTALL_DATA='${INSTALL} -m 644'
INSTALL_PROGRAM='${INSTALL}'
INSTALL_SCRIPT='${INSTALL}'
LDFLAGS=''
LIBOBJS=''
LIBS=''
LTLIBOBJS=''
NASM_FORMAT='elf'
OBJECT_EXTENSION='o'
OBJEXT='o'
PACKAGE_BUGREPORT='xvid-devel@xvid.org'
PACKAGE_NAME='XviD'
PACKAGE_STRING='XviD 0.9.1'
PACKAGE_TARNAME='xvid'
PACKAGE_VERSION='0.9.1'
PATH_SEPARATOR=':'
RANLIB='ranlib'
SHARED_EXTENSION='so'
SHELL='/bin/sh'
SPECIFIC_CFLAGS='-fPIC'
SPECIFIC_LDFLAGS='-shared -lc -lm'
STATIC_EXTENSION='a'
ac_ct_CC='gcc'
ac_ct_RANLIB='ranlib'
ac_nasm='yes'
bindir='${exec_prefix}/bin'
build='i686-pc-linux-gnu'
build_alias=''
build_cpu='i686'
build_os='linux-gnu'
build_vendor='pc'
datadir='${prefix}/share'
exec_prefix='${prefix}'
host='i686-pc-linux-gnu'
host_alias=''
host_cpu='i686'
host_os='linux-gnu'
host_vendor='pc'
includedir='${prefix}/include'
infodir='${prefix}/info'
libdir='${exec_prefix}/lib'
libexecdir='${exec_prefix}/libexec'
localstatedir='${prefix}/var'
mandir='${prefix}/man'
oldincludedir='/usr/include'
prefix='/usr/local'
program_transform_name='s,x,x,'
sbindir='${exec_prefix}/sbin'
sharedstatedir='${prefix}/com'
sysconfdir='${prefix}/etc'
target='i686-pc-linux-gnu'
target_alias=''
target_cpu='i686'
target_os='linux-gnu'
target_vendor='pc'

## ----------- ##
## confdefs.h. ##
## ----------- ##

#define HAVE_INTTYPES_H 1
#define HAVE_MEMORY_H 1
#define HAVE_SIGNAL_H 1
#define HAVE_STDINT_H 1
#define HAVE_STDIO_H 1
#define HAVE_STDLIB_H 1
#define HAVE_STRINGS_H 1
#define HAVE_STRING_H 1
#define HAVE_SYS_STAT_H 1
#define HAVE_SYS_TYPES_H 1
#define HAVE_UNISTD_H 1
#define PACKAGE_BUGREPORT "xvid-devel@xvid.org"
#define PACKAGE_NAME "XviD"
#define PACKAGE_STRING "XviD 0.9.1"
#define PACKAGE_TARNAME "xvid"
#define PACKAGE_VERSION "0.9.1"
#define SIZEOF_INT_P 4
#define STDC_HEADERS 1

configure: exit 0
