This file contains any messages produced by compilers while
running configure, to aid debugging if configure makes a mistake.

It was created by XviD configure 1.0.2, which was
generated by GNU Autoconf 2.59.  Invocation command line was

  $ ./configure 

## --------- ##
## Platform. ##
## --------- ##

hostname = josephina
uname -m = i686
uname -r = 2.4.24-osws
uname -s = Linux
uname -v = #1 Mon Jan 5 18:03:35 CET 2004

/usr/bin/uname -p = unknown
/bin/uname -X     = unknown

/bin/arch              = i686
/usr/bin/arch -k       = unknown
/usr/convex/getsysinfo = unknown
hostinfo               = unknown
/bin/machine           = unknown
/usr/bin/oslevel       = unknown
/bin/universe          = unknown

PATH: /bin
PATH: /usr/bin
PATH: /etc
PATH: /usr/sbin
PATH: /usr/ucb
PATH: /home/cr7/bin
PATH: /usr/bin/X11
PATH: /sbin
PATH: .


## ----------- ##
## Core tests. ##
## ----------- ##

configure:1420: checking build system type
configure:1438: result: i686-pc-linux-gnu
configure:1446: checking host system type
configure:1460: result: i686-pc-linux-gnu
configure:1468: checking target system type
configure:1482: result: i686-pc-linux-gnu
configure:1498: checking whether to use default CFLAGS
configure:1502: result: yes
configure:1556: checking for gcc
configure:1572: found /usr/bin/gcc
configure:1582: result: gcc
configure:1826: checking for C compiler version
configure:1829: gcc --version </dev/null >&5
2.95.4
configure:1832: $? = 0
configure:1834: gcc -v </dev/null >&5
Reading specs from /usr/lib/gcc-lib/i386-linux/2.95.4/specs
gcc version 2.95.4 20011002 (Debian prerelease)
configure:1837: $? = 0
configure:1839: gcc -V </dev/null >&5
gcc: argument to `-V' is missing
configure:1842: $? = 1
configure:1865: checking for C compiler default output file name
configure:1868: gcc    conftest.c  >&5
configure:1871: $? = 0
configure:1917: result: a.out
configure:1922: checking whether the C compiler works
configure:1928: ./a.out
configure:1931: $? = 0
configure:1948: result: yes
configure:1955: checking whether we are cross compiling
configure:1957: result: no
configure:1960: checking for suffix of executables
configure:1962: gcc -o conftest    conftest.c  >&5
configure:1965: $? = 0
configure:1990: result: 
configure:1996: checking for suffix of object files
configure:2017: gcc -c   conftest.c >&5
configure:2020: $? = 0
configure:2042: result: o
configure:2046: checking whether we are using the GNU C compiler
configure:2070: gcc -c   conftest.c >&5
configure:2076: $? = 0
configure:2079: test -z 			 || test ! -s conftest.err
configure:2082: $? = 0
configure:2085: test -s conftest.o
configure:2088: $? = 0
configure:2101: result: yes
configure:2107: checking whether gcc accepts -g
configure:2128: gcc -c -g  conftest.c >&5
configure:2134: $? = 0
configure:2137: test -z 			 || test ! -s conftest.err
configure:2140: $? = 0
configure:2143: test -s conftest.o
configure:2146: $? = 0
configure:2157: result: yes
configure:2174: checking for gcc option to accept ANSI C
configure:2244: gcc  -c -g -O2  conftest.c >&5
configure:2250: $? = 0
configure:2253: test -z 			 || test ! -s conftest.err
configure:2256: $? = 0
configure:2259: test -s conftest.o
configure:2262: $? = 0
configure:2280: result: none needed
configure:2298: gcc -c -g -O2  conftest.c >&5
conftest.c:2: parse error before `me'
configure:2304: $? = 1
configure: failed program was:
| #ifndef __cplusplus
|   choke me
| #endif
configure:2449: checking for a BSD-compatible install
configure:2504: result: /usr/bin/install -c
configure:2558: checking for ranlib
configure:2574: found /usr/bin/ranlib
configure:2585: result: ranlib
configure:2602: checking for whether to use assembly code
configure:2605: result: yes
configure:2607: checking for architecture type
configure:2611: result: ia32
configure:2645: checking how to run the C preprocessor
configure:2680: gcc -E  conftest.c
configure:2686: $? = 0
configure:2718: gcc -E  conftest.c
conftest.c:9: ac_nonexistent.h: No such file or directory
configure:2724: $? = 1
configure: failed program was:
| /* confdefs.h.  */
| 
| #define PACKAGE_NAME "XviD"
| #define PACKAGE_TARNAME "xvid"
| #define PACKAGE_VERSION "1.0.2"
| #define PACKAGE_STRING "XviD 1.0.2"
| #define PACKAGE_BUGREPORT "xvid-devel@xvid.org"
| /* end confdefs.h.  */
| #include <ac_nonexistent.h>
configure:2763: result: gcc -E
configure:2787: gcc -E  conftest.c
configure:2793: $? = 0
configure:2825: gcc -E  conftest.c
conftest.c:9: ac_nonexistent.h: No such file or directory
configure:2831: $? = 1
configure: failed program was:
| /* confdefs.h.  */
| 
| #define PACKAGE_NAME "XviD"
| #define PACKAGE_TARNAME "xvid"
| #define PACKAGE_VERSION "1.0.2"
| #define PACKAGE_STRING "XviD 1.0.2"
| #define PACKAGE_BUGREPORT "xvid-devel@xvid.org"
| /* end confdefs.h.  */
| #include <ac_nonexistent.h>
configure:2875: checking for egrep
configure:2885: result: grep -E
configure:2890: checking for ANSI C header files
configure:2915: gcc -c -g -O2  conftest.c >&5
configure:2921: $? = 0
configure:2924: test -z 			 || test ! -s conftest.err
configure:2927: $? = 0
configure:2930: test -s conftest.o
configure:2933: $? = 0
configure:3019: gcc -o conftest -g -O2   conftest.c  >&5
configure:3022: $? = 0
configure:3024: ./conftest
configure:3027: $? = 0
configure:3042: result: yes
configure:3066: checking for sys/types.h
configure:3082: gcc -c -g -O2  conftest.c >&5
configure:3088: $? = 0
configure:3091: test -z 			 || test ! -s conftest.err
configure:3094: $? = 0
configure:3097: test -s conftest.o
configure:3100: $? = 0
configure:3111: result: yes
configure:3066: checking for sys/stat.h
configure:3082: gcc -c -g -O2  conftest.c >&5
configure:3088: $? = 0
configure:3091: test -z 			 || test ! -s conftest.err
configure:3094: $? = 0
configure:3097: test -s conftest.o
configure:3100: $? = 0
configure:3111: result: yes
configure:3066: checking for stdlib.h
configure:3082: gcc -c -g -O2  conftest.c >&5
configure:3088: $? = 0
configure:3091: test -z 			 || test ! -s conftest.err
configure:3094: $? = 0
configure:3097: test -s conftest.o
configure:3100: $? = 0
configure:3111: result: yes
configure:3066: checking for string.h
configure:3082: gcc -c -g -O2  conftest.c >&5
configure:3088: $? = 0
configure:3091: test -z 			 || test ! -s conftest.err
configure:3094: $? = 0
configure:3097: test -s conftest.o
configure:3100: $? = 0
configure:3111: result: yes
configure:3066: checking for memory.h
configure:3082: gcc -c -g -O2  conftest.c >&5
configure:3088: $? = 0
configure:3091: test -z 			 || test ! -s conftest.err
configure:3094: $? = 0
configure:3097: test -s conftest.o
configure:3100: $? = 0
configure:3111: result: yes
configure:3066: checking for strings.h
configure:3082: gcc -c -g -O2  conftest.c >&5
configure:3088: $? = 0
configure:3091: test -z 			 || test ! -s conftest.err
configure:3094: $? = 0
configure:3097: test -s conftest.o
configure:3100: $? = 0
configure:3111: result: yes
configure:3066: checking for inttypes.h
configure:3082: gcc -c -g -O2  conftest.c >&5
configure:3088: $? = 0
configure:3091: test -z 			 || test ! -s conftest.err
configure:3094: $? = 0
configure:3097: test -s conftest.o
configure:3100: $? = 0
configure:3111: result: yes
configure:3066: checking for stdint.h
configure:3082: gcc -c -g -O2  conftest.c >&5
configure:3088: $? = 0
configure:3091: test -z 			 || test ! -s conftest.err
configure:3094: $? = 0
configure:3097: test -s conftest.o
configure:3100: $? = 0
configure:3111: result: yes
configure:3066: checking for unistd.h
configure:3082: gcc -c -g -O2  conftest.c >&5
configure:3088: $? = 0
configure:3091: test -z 			 || test ! -s conftest.err
configure:3094: $? = 0
configure:3097: test -s conftest.o
configure:3100: $? = 0
configure:3111: result: yes
configure:3123: checking for int *
configure:3147: gcc -c -g -O2  conftest.c >&5
configure:3153: $? = 0
configure:3156: test -z 			 || test ! -s conftest.err
configure:3159: $? = 0
configure:3162: test -s conftest.o
configure:3165: $? = 0
configure:3176: result: yes
configure:3179: checking size of int *
configure:3491: gcc -o conftest -g -O2   conftest.c  >&5
configure:3494: $? = 0
configure:3496: ./conftest
configure:3499: $? = 0
configure:3522: result: 4
configure:3545: checking whether byte ordering is bigendian
configure:3572: gcc -c -g -O2  conftest.c >&5
configure:3578: $? = 0
configure:3581: test -z 			 || test ! -s conftest.err
configure:3584: $? = 0
configure:3587: test -s conftest.o
configure:3590: $? = 0
configure:3614: gcc -c -g -O2  conftest.c >&5
conftest.c: In function `main':
conftest.c:27: `not' undeclared (first use in this function)
conftest.c:27: (Each undeclared identifier is reported only once
conftest.c:27: for each function it appears in.)
conftest.c:27: parse error before `big'
configure:3620: $? = 1
configure: failed program was:
| /* confdefs.h.  */
| 
| #define PACKAGE_NAME "XviD"
| #define PACKAGE_TARNAME "xvid"
| #define PACKAGE_VERSION "1.0.2"
| #define PACKAGE_STRING "XviD 1.0.2"
| #define PACKAGE_BUGREPORT "xvid-devel@xvid.org"
| #define STDC_HEADERS 1
| #define HAVE_SYS_TYPES_H 1
| #define HAVE_SYS_STAT_H 1
| #define HAVE_STDLIB_H 1
| #define HAVE_STRING_H 1
| #define HAVE_MEMORY_H 1
| #define HAVE_STRINGS_H 1
| #define HAVE_INTTYPES_H 1
| #define HAVE_STDINT_H 1
| #define HAVE_UNISTD_H 1
| #define SIZEOF_INT_P 4
| /* end confdefs.h.  */
| #include <sys/types.h>
| #include <sys/param.h>
| 
| int
| main ()
| {
| #if BYTE_ORDER != BIG_ENDIAN
|  not big endian
| #endif
| 
|   ;
|   return 0;
| }
configure:3753: result: no
configure:3770: checking for build extensions
configure:3777: result: .so .a .o
configure:3813: checking for platform specific LDFLAGS/CFLAGS
configure:3820: result: ok
configure:3885: checking for nasm
configure:3906: found /usr/bin/nasm
configure:3929: result: yes
configure:3938: checking for nasm patch version
configure:3944: result: 36
configure:3954: checking for nasm object format
configure:3958: result: elf
configure:4057: checking stdio.h usability
configure:4069: gcc -c -g -O2  conftest.c >&5
configure:4075: $? = 0
configure:4078: test -z 			 || test ! -s conftest.err
configure:4081: $? = 0
configure:4084: test -s conftest.o
configure:4087: $? = 0
configure:4097: result: yes
configure:4101: checking stdio.h presence
configure:4111: gcc -E  conftest.c
configure:4117: $? = 0
configure:4137: result: yes
configure:4172: checking for stdio.h
configure:4179: result: yes
configure:4057: checking signal.h usability
configure:4069: gcc -c -g -O2  conftest.c >&5
configure:4075: $? = 0
configure:4078: test -z 			 || test ! -s conftest.err
configure:4081: $? = 0
configure:4084: test -s conftest.o
configure:4087: $? = 0
configure:4097: result: yes
configure:4101: checking signal.h presence
configure:4111: gcc -E  conftest.c
configure:4117: $? = 0
configure:4137: result: yes
configure:4172: checking for signal.h
configure:4179: result: yes
configure:4048: checking for stdlib.h
configure:4053: result: yes
configure:4048: checking for string.h
configure:4053: result: yes
configure:4057: checking assert.h usability
configure:4069: gcc -c -g -O2  conftest.c >&5
configure:4075: $? = 0
configure:4078: test -z 			 || test ! -s conftest.err
configure:4081: $? = 0
configure:4084: test -s conftest.o
configure:4087: $? = 0
configure:4097: result: yes
configure:4101: checking assert.h presence
configure:4111: gcc -E  conftest.c
configure:4117: $? = 0
configure:4137: result: yes
configure:4172: checking for assert.h
configure:4179: result: yes
configure:4057: checking math.h usability
configure:4069: gcc -c -g -O2  conftest.c >&5
configure:4075: $? = 0
configure:4078: test -z 			 || test ! -s conftest.err
configure:4081: $? = 0
configure:4084: test -s conftest.o
configure:4087: $? = 0
configure:4097: result: yes
configure:4101: checking math.h presence
configure:4111: gcc -E  conftest.c
configure:4117: $? = 0
configure:4137: result: yes
configure:4172: checking for math.h
configure:4179: result: yes
configure:4366: creating ./config.status

## ---------------------- ##
## Running config.status. ##
## ---------------------- ##

This file was extended by XviD config.status 1.0.2, which was
generated by GNU Autoconf 2.59.  Invocation command line was

  CONFIG_FILES    = 
  CONFIG_HEADERS  = 
  CONFIG_LINKS    = 
  CONFIG_COMMANDS = 
  $ ./config.status 

on josephina

config.status:716: creating platform.inc

## ---------------- ##
## Cache variables. ##
## ---------------- ##

ac_cv_build=i686-pc-linux-gnu
ac_cv_build_alias=i686-pc-linux-gnu
ac_cv_c_bigendian=no
ac_cv_c_compiler_gnu=yes
ac_cv_env_CC_set=
ac_cv_env_CC_value=
ac_cv_env_CFLAGS_set=
ac_cv_env_CFLAGS_value=
ac_cv_env_CPPFLAGS_set=
ac_cv_env_CPPFLAGS_value=
ac_cv_env_CPP_set=
ac_cv_env_CPP_value=
ac_cv_env_LDFLAGS_set=
ac_cv_env_LDFLAGS_value=
ac_cv_env_build_alias_set=
ac_cv_env_build_alias_value=
ac_cv_env_host_alias_set=
ac_cv_env_host_alias_value=
ac_cv_env_target_alias_set=
ac_cv_env_target_alias_value=
ac_cv_exeext=
ac_cv_header_assert_h=yes
ac_cv_header_inttypes_h=yes
ac_cv_header_math_h=yes
ac_cv_header_memory_h=yes
ac_cv_header_signal_h=yes
ac_cv_header_stdc=yes
ac_cv_header_stdint_h=yes
ac_cv_header_stdio_h=yes
ac_cv_header_stdlib_h=yes
ac_cv_header_string_h=yes
ac_cv_header_strings_h=yes
ac_cv_header_sys_stat_h=yes
ac_cv_header_sys_types_h=yes
ac_cv_header_unistd_h=yes
ac_cv_host=i686-pc-linux-gnu
ac_cv_host_alias=i686-pc-linux-gnu
ac_cv_objext=o
ac_cv_path_install='/usr/bin/install -c'
ac_cv_prog_CPP='gcc -E'
ac_cv_prog_ac_ct_CC=gcc
ac_cv_prog_ac_ct_RANLIB=ranlib
ac_cv_prog_ac_nasm=yes
ac_cv_prog_cc_g=yes
ac_cv_prog_cc_stdc=
ac_cv_prog_egrep='grep -E'
ac_cv_sizeof_int_p=4
ac_cv_target=i686-pc-linux-gnu
ac_cv_target_alias=i686-pc-linux-gnu
ac_cv_type_int_p=yes

## ----------------- ##
## Output variables. ##
## ----------------- ##

AFLAGS='-I$(<D)/ -f elf '
API_MAJOR='4'
API_MINOR='0'
ARCHITECTURE='IA32'
AS='nasm'
ASSEMBLY_EXTENSION='asm'
ASSEMBLY_SOURCES='SRC_IA32'
BUS='32BIT'
CC='gcc'
CFLAGS='-Wall -O2 -fstrength-reduce -finline-functions -freduce-all-givs -ffast-math -fomit-frame-pointer'
CPP='gcc -E'
CPPFLAGS=''
DCT_IA64_SOURCES=''
DEFS='-DPACKAGE_NAME=\"XviD\" -DPACKAGE_TARNAME=\"xvid\" -DPACKAGE_VERSION=\"1.0.2\" -DPACKAGE_STRING=\"XviD\ 1.0.2\" -DPACKAGE_BUGREPORT=\"xvid-devel@xvid.org\" -DSTDC_HEADERS=1 -DHAVE_SYS_TYPES_H=1 -DHAVE_SYS_STAT_H=1 -DHAVE_STDLIB_H=1 -DHAVE_STRING_H=1 -DHAVE_MEMORY_H=1 -DHAVE_STRINGS_H=1 -DHAVE_INTTYPES_H=1 -DHAVE_STDINT_H=1 -DHAVE_UNISTD_H=1 -DSIZEOF_INT_P=4 -DHAVE_STDIO_H=1 -DHAVE_SIGNAL_H=1 -DHAVE_STDLIB_H=1 -DHAVE_STRING_H=1 -DHAVE_ASSERT_H=1 -DHAVE_MATH_H=1 '
ECHO_C=''
ECHO_N='-n'
ECHO_T=''
EGREP='grep -E'
ENDIANNESS='LITTLE_ENDIAN'
EXEEXT=''
FEATURES=''
GENERIC_SOURCES='SRC_GENERIC'
INSTALL_DATA='${INSTALL} -m 644'
INSTALL_PROGRAM='${INSTALL}'
INSTALL_SCRIPT='${INSTALL}'
LDFLAGS=''
LIBOBJS=''
LIBS=''
LTLIBOBJS=''
NASM_FORMAT='elf'
OBJECT_EXTENSION='o'
OBJEXT='o'
PACKAGE_BUGREPORT='xvid-devel@xvid.org'
PACKAGE_NAME='XviD'
PACKAGE_STRING='XviD 1.0.2'
PACKAGE_TARNAME='xvid'
PACKAGE_VERSION='1.0.2'
PATH_SEPARATOR=':'
PRE_SHARED_LIB='libxvidcore.$(SHARED_EXTENSION).$(API_MAJOR).$(API_MINOR)'
RANLIB='ranlib'
SHARED_EXTENSION='so'
SHARED_LIB='libxvidcore.$(SHARED_EXTENSION).$(API_MAJOR).$(API_MINOR)'
SHELL='/bin/sh'
SPECIFIC_CFLAGS='-fPIC '
SPECIFIC_LDFLAGS='-Wl,-soname,libxvidcore.$(SHARED_EXTENSION).$(API_MAJOR) -shared -lc -lm '
STATIC_EXTENSION='a'
STATIC_LIB='libxvidcore.$(STATIC_EXTENSION)'
ac_ct_CC='gcc'
ac_ct_RANLIB='ranlib'
ac_nasm='yes'
bindir='${exec_prefix}/bin'
build='i686-pc-linux-gnu'
build_alias=''
build_cpu='i686'
build_os='linux-gnu'
build_vendor='pc'
datadir='${prefix}/share'
exec_prefix='${prefix}'
host='i686-pc-linux-gnu'
host_alias=''
host_cpu='i686'
host_os='linux-gnu'
host_vendor='pc'
includedir='${prefix}/include'
infodir='${prefix}/info'
libdir='${exec_prefix}/lib'
libexecdir='${exec_prefix}/libexec'
localstatedir='${prefix}/var'
mandir='${prefix}/man'
oldincludedir='/usr/include'
prefix='/usr/local'
program_transform_name='s,x,x,'
sbindir='${exec_prefix}/sbin'
sharedstatedir='${prefix}/com'
sysconfdir='${prefix}/etc'
target='i686-pc-linux-gnu'
target_alias=''
target_cpu='i686'
target_os='linux-gnu'
target_vendor='pc'

## ----------- ##
## confdefs.h. ##
## ----------- ##

#define HAVE_ASSERT_H 1
#define HAVE_INTTYPES_H 1
#define HAVE_MATH_H 1
#define HAVE_MEMORY_H 1
#define HAVE_SIGNAL_H 1
#define HAVE_STDINT_H 1
#define HAVE_STDIO_H 1
#define HAVE_STDLIB_H 1
#define HAVE_STDLIB_H 1
#define HAVE_STRINGS_H 1
#define HAVE_STRING_H 1
#define HAVE_STRING_H 1
#define HAVE_SYS_STAT_H 1
#define HAVE_SYS_TYPES_H 1
#define HAVE_UNISTD_H 1
#define PACKAGE_BUGREPORT "xvid-devel@xvid.org"
#define PACKAGE_NAME "XviD"
#define PACKAGE_STRING "XviD 1.0.2"
#define PACKAGE_TARNAME "xvid"
#define PACKAGE_VERSION "1.0.2"
#define SIZEOF_INT_P 4
#define STDC_HEADERS 1

configure: exit 0
