include/algorithm
include/associative_base
include/basic_definitions
include/bitset
include/cassert
include/cctype
include/cerrno
include/cfloat
include/char_traits
include/climits
include/clocale
include/cmath
include/complex
include/csetjmp
include/csignal
include/cstdarg
include/cstddef
include/cstdio
include/cstdlib
include/cstring
include/ctime
include/cwchar
include/cwctype
include/deque
include/exception
include/fstream
include/func_exception
include/functional
include/iomanip
include/ios
include/iosfwd
include/iostream
include/istream
include/istream_helpers
include/iterator
include/iterator_base
include/list
include/locale
include/limits
include/map
include/memory
include/new
include/numeric
include/ostream
include/ostream_helpers
include/queue
include/set
include/sstream
include/stack
include/stdexcept
include/streambuf
include/string
include/string_iostream
include/support
include/system_configuration.h
include/type_traits
include/typeinfo
include/utility
include/valarray
include/vector
src/algorithm.cpp
src/bitset.cpp
src/char_traits.cpp
src/complex.cpp
src/del_op.cpp
src/del_opnt.cpp
src/del_opv.cpp
src/del_opvnt.cpp
src/deque.cpp
src/exception.cpp
src/fstream.cpp
src/func_exception.cpp
src/iomanip.cpp
src/ios.cpp
src/iostream.cpp
src/istream.cpp
src/iterator.cpp
src/limits.cpp
src/list.cpp
src/locale.cpp
src/map.cpp
src/new_handler.cpp
src/new_op.cpp
src/new_opnt.cpp
src/new_opv.cpp
src/new_opvnt.cpp
src/numeric.cpp
src/ostream.cpp
src/queue.cpp
src/set.cpp
src/sstream.cpp
src/stack.cpp
src/stdexcept.cpp
src/streambuf.cpp
src/string.cpp
src/utility.cpp
src/valarray.cpp
src/vector.cpp
src/abi/abi.cpp
