# $Id$
#
# menu.lst	(con) 
#
# run this to test con in your box I'll keep and update the binaries

title= Fiasco: con + demos
kernel (nd)/tftpboot/ch12/static_ex/con/rmgr -sigma0 -serial
module (nd)/tftpboot/ch12/static_ex/con/fiasco nowait 
module (nd)/tftpboot/ch12/static_ex/con/sigma0
module (nd)/tftpboot/ch12/static_ex/con/names
module (nd)/tftpboot/ch12/static_ex/con/log
module (nd)/tftpboot/ch12/static_ex/con/dm_phys

# con server
module= (nd)/tftpboot/ch12/static_ex/con/con

# con client applications
module (nd)/tftpboot/ch12/static_ex/con/con_demo1
module (nd)/tftpboot/ch12/static_ex/con/con_demo2
module (nd)/tftpboot/ch12/static_ex/con/con_demo3
module (nd)/tftpboot/ch12/static_ex/con/con_evdemo

# set VESA mode (here 640x480x16)
vbeset 0x111

