arm/strcpy.S
dietdirent.h
dietlibm.h
dietstdio.h
dietwarning.h
i386/__half.S
i386/__longjmp.S
i386/__ten.S
i386/acos.S
i386/acosh.S
i386/asin.S
i386/asinh.S
i386/atan.S
i386/atan2.S
i386/atanh.S
i386/cbrt.S
i386/ceil.S
i386/cos.S
i386/cosh.S
i386/exp.S
i386/exp10.S
i386/exp2.S
i386/expm1.S
i386/fabs.S
i386/floor.S
i386/fmod.S
i386/ilogb.S
i386/ipow.S
i386/libm2.S
i386/log.S
i386/log10.S
i386/log1p.S
i386/log2.S
i386/pow.S
i386/rint.S
i386/setjmp.S
i386/sin.S
i386/sincos.S
i386/sinh.S
i386/sqrt.S
i386/sqrtl.S
i386/tan.S
i386/tanh.S
ia64/__testandset.S
ia64/accept.S
ia64/bind.S
ia64/clone.S
ia64/connect.S
ia64/fork.S
ia64/getpeername.S
ia64/getsockname.S
ia64/getsockopt.S
ia64/listen.S
ia64/msgctl.S
ia64/msgget.S
ia64/msgrcv.S
ia64/msgsnd.S
ia64/pipe.S
ia64/recv.S
ia64/recvfrom.S
ia64/recvmsg.S
ia64/semctl.S
ia64/semget.S
ia64/semop.S
ia64/send.S
ia64/sendmsg.S
ia64/sendto.S
ia64/setsockopt.S
ia64/shmat.S
ia64/shmctl.S
ia64/shmdt.S
ia64/shmget.S
ia64/shutdown.S
ia64/socket.S
ia64/socketpair.S
ia64/start.S
ia64/unified.S
ia64/utime.S
ia64/vfork.S
include/alloca.h
include/arpa/inet.h
include/asm/types.h
include/assert.h
include/ctype.h
include/dirent.h
include/endian.h
include/errno.h
include/fcntl.h
include/features.h
include/float.h
include/fnmatch.h
include/getopt.h
include/glob.h
include/inttypes.h
include/libgen.h
include/limits.h
include/locale.h
include/math.h
include/md5.h
include/memory.h
include/net/if.h
include/net/if_arp.h
include/netdb.h
include/netinet/in.h
include/netinet/ip.h
include/pwd.h
include/resolv.h
include/stddef.h
include/stdint.h
include/stdio.h
include/stdlib.h
include/string.h
include/strings.h
include/strings.h
include/sys/cdefs.h
include/sys/fsuid.h
include/sys/i386-ioctl.h
include/sys/ioctl.h
include/sys/ipc.h
include/sys/mman.h
include/sys/param.h
include/sys/select.h
include/sys/shm.h
include/sys/socket.h
include/sys/stat.h
include/sys/time.h
include/sys/types.h
include/sys/uio.h
include/time.h
include/unistd.h
include/write12.h
lib/__dtostr.c
lib/__finite.c
lib/__isinf.c
lib/__isnan.c
lib/__lltostr.c
lib/__ltostr.c
lib/__v_printf.c
lib/__v_scanf.c
lib/alloc.c
lib/assert_fail.c
lib/atexit.c
lib/atol.c
lib/bsearch.c
lib/closedir.c
lib/errlistu.c
lib/errno_location.c
lib/getopt.c
lib/htonl.c
lib/htons.c
lib/isalnum.c
lib/isalpha.c
lib/isascii.c
lib/isblank.c
lib/iscntrl.c
lib/isdigit.c
lib/isgraph.c
lib/islower.c
lib/isprint.c
lib/ispunct.c
lib/isspace.c
lib/isupper.c
lib/isxdigit.c
lib/memccpy.c
lib/memcmp.c
lib/memcpy.c
lib/memmove.c
lib/memset.c
lib/open64.c
lib/opendir.c
lib/perror.c
lib/qsort.c
lib/rand.c
lib/rand48.c
lib/rand_r.c
lib/readdir.c
lib/rewind.c
lib/rewinddir.c
lib/seekdir.c
lib/sscanf.c
lib/strcasecmp.c
lib/strcat.c
lib/strchr.c
lib/strcmp.c
lib/strcpy.c
lib/strcspn.c
lib/strdup.c
lib/strerror.c
lib/strlcat.c
lib/strlcpy.c
lib/strlen.c
lib/strncasecmp.c
lib/strncat.c
lib/strncmp.c
lib/strncpy.c
lib/strpbrk.c
lib/strrchr.c
lib/strsep.c
lib/strspn.c
lib/strstr.c
lib/strtod.c
lib/strtof.c
lib/strtok.c
lib/strtok_r.c
lib/strtol.c
lib/strtold.c
lib/strtoll.c
lib/strtoul.c
lib/strtoull.c
lib/strxfrm.c
lib/telldir.c
lib/tolower.c
lib/vsnprintf.c
lib/vsprintf.c
lib/vsscanf.c
lib/write12.c
libcruft/___div.c
libcruft/__end_parse.c
libcruft/__fprepare_parse.c
libcruft/__parse.c
libcruft/__parse_1.c
libcruft/__parse_nws.c
libcruft/__prase_ws.c
libcruft/__prepare_parse.c
libcruft/getopt_data.c
libcruft/getopt_long.c
libcruft/getopt_long_only.c
libcruft/inet_aton.c
libcruft/inet_ntoa_r.c
libcruft/inet_ntop.c
libcruft/inet_pton.c
libcruft/localeconv.c
libcruft/scan_ulong.c
libcruft/setlocale.c
libcrypt/crypt.c
libcrypt/md5.c
libcrypt/md5crypt.c
libm/acosh.c
libm/asinh.c
libm/atanh.c
libm/bessel.c
libm/cosh.c
libm/erf.c
libm/gamma.c
libm/ipow.c
libm/modf.c
libm/poly.c
libm/pow.c
libm/rint.c
libm/sinh.c
libm/tanh.c
libshell/basename.c
libshell/dirname.c
libshell/fnmatch.c
libshell/glob.c
libshell/realpath.c
libstdio/clearerr.c
libstdio/fclose.c
libstdio/fdopen.c
libstdio/fdprintf.c
libstdio/feof.c
libstdio/ferror.c
libstdio/fflush.c
libstdio/fgetc_unlocked.c
libstdio/fgetpos.c
libstdio/fgets.c
libstdio/fileno.c
libstdio/fopen.c
libstdio/fprintf.c
libstdio/fputc_unlocked.c
libstdio/fputs.c
libstdio/fread.c
libstdio/freopen.c
libstdio/fscanf.c
libstdio/fseek.c
libstdio/fseeko.c
libstdio/fseeko64.c
libstdio/fsetpos.c
libstdio/ftell.c
libstdio/ftello.c
libstdio/ftello64.c
libstdio/fwrite.c
libstdio/printf.c
libstdio/putchar.c
libstdio/puts.c
libstdio/scanf.c
libstdio/setvbuf.c
libstdio/stderr.c
libstdio/stdin.c
libstdio/stdout.c
libstdio/tmpfile.c
libstdio/ungetc.c
libstdio/vfdprintf.c
libstdio/vfprintf.c
libstdio/vfscanf.c
libstdio/vprintf.c
libstdio/vscanf.c
libugly/strftime.c
libugly/strndup.c
parselib.h
syscalls.s/errlist.S
syscalls.s/errno.S
